0 info it worked if it ends with ok
1 verbose cli [ '/home/shoaib/.nvm/versions/node/v5.1.0/bin/node',
1 verbose cli   '/home/shoaib/.nvm/versions/node/v5.1.0/bin/npm',
1 verbose cli   'install',
1 verbose cli   '-g',
1 verbose cli   'scope-chains-closures' ]
2 info using npm@3.5.2
3 info using node@v5.1.0
4 silly loadCurrentTree Starting
5 silly install loadCurrentTree
6 silly install readGlobalPackageData
7 silly fetchPackageMetaData scope-chains-closures
8 silly fetchNamedPackageData scope-chains-closures
9 silly mapToRegistry name scope-chains-closures
10 silly mapToRegistry using default registry
11 silly mapToRegistry registry https://registry.npmjs.org/
12 silly mapToRegistry uri https://registry.npmjs.org/scope-chains-closures
13 verbose request uri https://registry.npmjs.org/scope-chains-closures
14 verbose request no auth needed
15 info attempt registry request try #1 at 12:00:17 PM
16 verbose request id 5d79ea33f57a1c17
17 http request GET https://registry.npmjs.org/scope-chains-closures
18 info retry will retry, error on last attempt: Error: getaddrinfo EAI_AGAIN registry.npmjs.org:443
19 info attempt registry request try #2 at 12:00:27 PM
20 http request GET https://registry.npmjs.org/scope-chains-closures
21 info retry will retry, error on last attempt: Error: read ECONNRESET
22 info attempt registry request try #3 at 12:02:12 PM
23 http request GET https://registry.npmjs.org/scope-chains-closures
24 silly fetchPackageMetaData Error: read ECONNRESET
24 silly fetchPackageMetaData     at exports._errnoException (util.js:856:11)
24 silly fetchPackageMetaData     at TLSWrap.onread (net.js:544:26)
24 silly fetchPackageMetaData  error for scope-chains-closures { [Error: read ECONNRESET] code: 'ECONNRESET', errno: 'ECONNRESET', syscall: 'read' }
25 silly rollbackFailedOptional Starting
26 silly rollbackFailedOptional Finishing
27 silly runTopLevelLifecycles Starting
28 silly runTopLevelLifecycles Finishing
29 silly install printInstalled
30 verbose stack Error: read ECONNRESET
30 verbose stack     at exports._errnoException (util.js:856:11)
30 verbose stack     at TLSWrap.onread (net.js:544:26)
31 verbose cwd /home/shoaib/LearnYouNode_Practice/planetproto
32 error Linux 4.2.0-22-generic
33 error argv "/home/shoaib/.nvm/versions/node/v5.1.0/bin/node" "/home/shoaib/.nvm/versions/node/v5.1.0/bin/npm" "install" "-g" "scope-chains-closures"
34 error node v5.1.0
35 error npm  v3.5.2
36 error code ECONNRESET
37 error errno ECONNRESET
38 error syscall read
39 error network read ECONNRESET
40 error network This is most likely not a problem with npm itself
40 error network and is related to network connectivity.
40 error network In most cases you are behind a proxy or have bad network settings.
40 error network
40 error network If you are behind a proxy, please make sure that the
40 error network 'proxy' config is set properly.  See: 'npm help config'
41 verbose exit [ 1, true ]
